[2020-09-03 17:17:38,124][main][INFO][com.example.scdemo1.ScDemo1ApplicationTests:651] No active profile set, falling back to default profiles: default
[2020-09-03 17:17:39,957][main][INFO][org.springframework.data.repository.config.RepositoryConfigurationDelegate:127] Bootstrapping Spring Data JPA repositories in DEFERRED mode.
[2020-09-03 17:17:40,076][main][INFO][org.springframework.data.repository.config.RepositoryConfigurationDelegate:187] Finished Spring Data repository scanning in 101ms. Found 1 JPA repository interfaces.
[2020-09-03 17:17:40,566][main][INFO][org.springframework.cloud.context.scope.GenericScope:295] BeanFactory id=b7b66535-24ba-39a4-9e03-22b32409ea4b
[2020-09-03 17:17:41,298][main][INFO][org.springframework.scheduling.concurrent.ThreadPoolTaskExecutor:181] Initializing ExecutorService 'applicationTaskExecutor'
[2020-09-03 17:17:41,570][task-1][INFO][org.hibernate.Version:44] HHH000412: Hibernate ORM core version 5.4.20.Final
[2020-09-03 17:17:42,140][task-1][INFO][org.hibernate.annotations.common.Version:49] HCANN000001: Hibernate Commons Annotations {5.1.0.Final}
[2020-09-03 17:17:42,484][task-1][INFO][com.zaxxer.hikari.HikariDataSource:110] HikariPool-1 - Starting...
[2020-09-03 17:17:43,555][task-1][INFO][com.zaxxer.hikari.HikariDataSource:123] HikariPool-1 - Start completed.
[2020-09-03 17:17:43,696][task-1][INFO][org.hibernate.dialect.Dialect:170] HHH000400: Using dialect: org.hibernate.dialect.MySQL5InnoDBDialect
[2020-09-03 17:17:45,748][task-1][INFO][org.hibernate.engine.transaction.jta.platform.internal.JtaPlatformInitiator:52] HHH000490: Using JtaPlatform implementation: [org.hibernate.engine.transaction.jta.platform.internal.NoJtaPlatform]
[2020-09-03 17:17:45,771][task-1][INFO][org.springframework.orm.jpa.LocalContainerEntityManagerFactoryBean:416] Initialized JPA EntityManagerFactory for persistence unit 'default'
[2020-09-03 17:17:46,926][main][WARN][org.springframework.boot.autoconfigure.orm.jpa.JpaBaseConfiguration$JpaWebConfiguration:220] spring.jpa.open-in-view is enabled by default. Therefore, database queries may be performed during view rendering. Explicitly configure spring.jpa.open-in-view to disable this warning
[2020-09-03 17:17:47,852][main][INFO][springfox.documentation.spring.web.PropertySourcedRequestMappingHandlerMapping:69] Mapped URL path [/v2/api-docs] onto method [springfox.documentation.swagger2.web.Swagger2Controller#getDocumentation(String, HttpServletRequest)]
[2020-09-03 17:17:49,348][main][INFO][springfox.documentation.spring.web.plugins.DocumentationPluginsBootstrapper:160] Context refreshed
[2020-09-03 17:17:49,404][main][INFO][springfox.documentation.spring.web.plugins.DocumentationPluginsBootstrapper:163] Found 1 custom documentation plugin(s)
[2020-09-03 17:17:49,508][main][INFO][springfox.documentation.spring.web.scanners.ApiListingReferenceScanner:41] Scanning for api listing references
[2020-09-03 17:17:49,758][main][INFO][org.springframework.data.repository.config.DeferredRepositoryInitializationListener:49] Triggering deferred initialization of Spring Data repositories…
[2020-09-03 17:17:49,760][main][INFO][org.springframework.data.repository.config.DeferredRepositoryInitializationListener:53] Spring Data repositories initialized!
[2020-09-03 17:17:49,779][main][INFO][com.example.scdemo1.ScDemo1ApplicationTests:61] Started ScDemo1ApplicationTests in 13.538 seconds (JVM running for 16.329)
[2020-09-03 17:17:50,115][SpringContextShutdownHook][INFO][org.springframework.orm.jpa.LocalContainerEntityManagerFactoryBean:598] Closing JPA EntityManagerFactory for persistence unit 'default'
[2020-09-03 17:17:50,119][SpringContextShutdownHook][INFO][org.springframework.scheduling.concurrent.ThreadPoolTaskExecutor:218] Shutting down ExecutorService 'applicationTaskExecutor'
[2020-09-03 17:17:50,120][SpringContextShutdownHook][INFO][com.zaxxer.hikari.HikariDataSource:350] HikariPool-1 - Shutdown initiated...
[2020-09-03 17:17:50,136][SpringContextShutdownHook][INFO][com.zaxxer.hikari.HikariDataSource:352] HikariPool-1 - Shutdown completed.
[2020-09-03 17:29:23,108][main][INFO][com.example.scdemo1.ScDemo1ApplicationTests:651] No active profile set, falling back to default profiles: default
[2020-09-03 17:29:24,675][main][INFO][org.springframework.data.repository.config.RepositoryConfigurationDelegate:127] Bootstrapping Spring Data JPA repositories in DEFERRED mode.
[2020-09-03 17:29:24,776][main][INFO][org.springframework.data.repository.config.RepositoryConfigurationDelegate:187] Finished Spring Data repository scanning in 86ms. Found 1 JPA repository interfaces.
[2020-09-03 17:29:25,196][main][INFO][org.springframework.cloud.context.scope.GenericScope:295] BeanFactory id=b7b66535-24ba-39a4-9e03-22b32409ea4b
[2020-09-03 17:29:25,915][main][INFO][org.springframework.scheduling.concurrent.ThreadPoolTaskExecutor:181] Initializing ExecutorService 'applicationTaskExecutor'
[2020-09-03 17:29:26,188][task-1][INFO][org.hibernate.Version:44] HHH000412: Hibernate ORM core version 5.4.20.Final
[2020-09-03 17:29:26,717][task-1][INFO][org.hibernate.annotations.common.Version:49] HCANN000001: Hibernate Commons Annotations {5.1.0.Final}
[2020-09-03 17:29:27,045][task-1][INFO][com.zaxxer.hikari.HikariDataSource:110] HikariPool-1 - Starting...
[2020-09-03 17:29:27,892][task-1][INFO][com.zaxxer.hikari.HikariDataSource:123] HikariPool-1 - Start completed.
[2020-09-03 17:29:27,946][task-1][INFO][org.hibernate.dialect.Dialect:170] HHH000400: Using dialect: org.hibernate.dialect.MySQL5InnoDBDialect
[2020-09-03 17:29:29,510][task-1][INFO][org.hibernate.engine.transaction.jta.platform.internal.JtaPlatformInitiator:52] HHH000490: Using JtaPlatform implementation: [org.hibernate.engine.transaction.jta.platform.internal.NoJtaPlatform]
[2020-09-03 17:29:29,528][task-1][INFO][org.springframework.orm.jpa.LocalContainerEntityManagerFactoryBean:416] Initialized JPA EntityManagerFactory for persistence unit 'default'
[2020-09-03 17:29:30,608][main][WARN][org.springframework.boot.autoconfigure.orm.jpa.JpaBaseConfiguration$JpaWebConfiguration:220] spring.jpa.open-in-view is enabled by default. Therefore, database queries may be performed during view rendering. Explicitly configure spring.jpa.open-in-view to disable this warning
[2020-09-03 17:29:31,463][main][INFO][springfox.documentation.spring.web.PropertySourcedRequestMappingHandlerMapping:69] Mapped URL path [/v2/api-docs] onto method [springfox.documentation.swagger2.web.Swagger2Controller#getDocumentation(String, HttpServletRequest)]
[2020-09-03 17:29:32,865][main][INFO][springfox.documentation.spring.web.plugins.DocumentationPluginsBootstrapper:160] Context refreshed
[2020-09-03 17:29:32,913][main][INFO][springfox.documentation.spring.web.plugins.DocumentationPluginsBootstrapper:163] Found 1 custom documentation plugin(s)
[2020-09-03 17:29:32,984][main][INFO][springfox.documentation.spring.web.scanners.ApiListingReferenceScanner:41] Scanning for api listing references
[2020-09-03 17:29:33,211][main][INFO][org.springframework.data.repository.config.DeferredRepositoryInitializationListener:49] Triggering deferred initialization of Spring Data repositories…
[2020-09-03 17:29:33,213][main][INFO][org.springframework.data.repository.config.DeferredRepositoryInitializationListener:53] Spring Data repositories initialized!
[2020-09-03 17:29:33,238][main][INFO][com.example.scdemo1.ScDemo1ApplicationTests:61] Started ScDemo1ApplicationTests in 11.831 seconds (JVM running for 14.381)
[2020-09-03 17:29:33,539][SpringContextShutdownHook][INFO][org.springframework.orm.jpa.LocalContainerEntityManagerFactoryBean:598] Closing JPA EntityManagerFactory for persistence unit 'default'
[2020-09-03 17:29:33,543][SpringContextShutdownHook][INFO][org.springframework.scheduling.concurrent.ThreadPoolTaskExecutor:218] Shutting down ExecutorService 'applicationTaskExecutor'
[2020-09-03 17:29:33,544][SpringContextShutdownHook][INFO][com.zaxxer.hikari.HikariDataSource:350] HikariPool-1 - Shutdown initiated...
[2020-09-03 17:29:33,561][SpringContextShutdownHook][INFO][com.zaxxer.hikari.HikariDataSource:352] HikariPool-1 - Shutdown completed.
[2020-09-03 17:29:43,326][main][INFO][com.example.scexcel.ScExcelApplicationTests:651] No active profile set, falling back to default profiles: default
[2020-09-03 17:29:44,887][main][INFO][org.springframework.data.repository.config.RepositoryConfigurationDelegate:127] Bootstrapping Spring Data JPA repositories in DEFERRED mode.
[2020-09-03 17:29:45,061][main][INFO][org.springframework.data.repository.config.RepositoryConfigurationDelegate:187] Finished Spring Data repository scanning in 154ms. Found 1 JPA repository interfaces.
[2020-09-03 17:29:45,637][main][INFO][org.springframework.cloud.context.scope.GenericScope:295] BeanFactory id=51058139-7e1a-3120-abc5-5dd190f3a06a
[2020-09-03 17:29:46,670][main][INFO][org.springframework.scheduling.concurrent.ThreadPoolTaskExecutor:181] Initializing ExecutorService 'applicationTaskExecutor'
[2020-09-03 17:29:46,922][task-1][INFO][org.hibernate.Version:44] HHH000412: Hibernate ORM core version 5.4.20.Final
[2020-09-03 17:29:47,256][task-1][INFO][org.hibernate.annotations.common.Version:49] HCANN000001: Hibernate Commons Annotations {5.1.0.Final}
[2020-09-03 17:29:47,541][task-1][INFO][com.zaxxer.hikari.HikariDataSource:110] HikariPool-1 - Starting...
[2020-09-03 17:29:48,519][task-1][INFO][com.zaxxer.hikari.HikariDataSource:123] HikariPool-1 - Start completed.
[2020-09-03 17:29:48,598][task-1][INFO][org.hibernate.dialect.Dialect:170] HHH000400: Using dialect: org.hibernate.dialect.MySQL5InnoDBDialect
[2020-09-03 17:29:50,039][task-1][INFO][org.hibernate.engine.transaction.jta.platform.internal.JtaPlatformInitiator:52] HHH000490: Using JtaPlatform implementation: [org.hibernate.engine.transaction.jta.platform.internal.NoJtaPlatform]
[2020-09-03 17:29:50,105][task-1][INFO][org.springframework.orm.jpa.LocalContainerEntityManagerFactoryBean:416] Initialized JPA EntityManagerFactory for persistence unit 'default'
[2020-09-03 17:29:51,365][main][WARN][org.springframework.boot.autoconfigure.orm.jpa.JpaBaseConfiguration$JpaWebConfiguration:220] spring.jpa.open-in-view is enabled by default. Therefore, database queries may be performed during view rendering. Explicitly configure spring.jpa.open-in-view to disable this warning
[2020-09-03 17:29:51,893][main][INFO][springfox.documentation.spring.web.PropertySourcedRequestMappingHandlerMapping:69] Mapped URL path [/v2/api-docs] onto method [springfox.documentation.swagger2.web.Swagger2Controller#getDocumentation(String, HttpServletRequest)]
[2020-09-03 17:29:53,159][main][INFO][springfox.documentation.spring.web.plugins.DocumentationPluginsBootstrapper:160] Context refreshed
[2020-09-03 17:29:53,191][main][INFO][springfox.documentation.spring.web.plugins.DocumentationPluginsBootstrapper:163] Found 1 custom documentation plugin(s)
[2020-09-03 17:29:53,251][main][INFO][springfox.documentation.spring.web.scanners.ApiListingReferenceScanner:41] Scanning for api listing references
[2020-09-03 17:29:53,432][main][INFO][org.springframework.data.repository.config.DeferredRepositoryInitializationListener:49] Triggering deferred initialization of Spring Data repositories…
[2020-09-03 17:29:53,434][main][INFO][org.springframework.data.repository.config.DeferredRepositoryInitializationListener:53] Spring Data repositories initialized!
[2020-09-03 17:29:53,451][main][INFO][com.example.scexcel.ScExcelApplicationTests:61] Started ScExcelApplicationTests in 11.962 seconds (JVM running for 13.938)
[2020-09-03 17:29:53,621][SpringContextShutdownHook][INFO][org.springframework.orm.jpa.LocalContainerEntityManagerFactoryBean:598] Closing JPA EntityManagerFactory for persistence unit 'default'
[2020-09-03 17:29:53,625][SpringContextShutdownHook][INFO][org.springframework.scheduling.concurrent.ThreadPoolTaskExecutor:218] Shutting down ExecutorService 'applicationTaskExecutor'
[2020-09-03 17:29:53,626][SpringContextShutdownHook][INFO][com.zaxxer.hikari.HikariDataSource:350] HikariPool-1 - Shutdown initiated...
[2020-09-03 17:29:53,645][SpringContextShutdownHook][INFO][com.zaxxer.hikari.HikariDataSource:352] HikariPool-1 - Shutdown completed.
